srun: Job step aborted: Waiting up to 32 seconds for job step to finish.
slurmstepd: error: *** STEP 1876641.0 ON nid0638 CANCELLED AT 2023-08-19T20:46:26 ***
slurmstepd: error: *** JOB 1876641 ON nid0638 CANCELLED AT 2023-08-19T20:46:26 ***
