srun: Job step aborted: Waiting up to 32 seconds for job step to finish.
slurmstepd: error: *** STEP 1876670.0 ON nid0638 CANCELLED AT 2023-08-19T21:21:19 ***
slurmstepd: error: *** JOB 1876670 ON nid0638 CANCELLED AT 2023-08-19T21:21:19 ***
