srun: Job step aborted: Waiting up to 32 seconds for job step to finish.
slurmstepd: error: *** STEP 1876667.0 ON nid0360 CANCELLED AT 2023-08-19T21:17:46 ***
slurmstepd: error: *** JOB 1876667 ON nid0360 CANCELLED AT 2023-08-19T21:17:46 ***
