srun: Job step aborted: Waiting up to 32 seconds for job step to finish.
slurmstepd: error: *** STEP 1876633.0 ON nid0638 CANCELLED AT 2023-08-19T18:38:50 ***
slurmstepd: error: *** JOB 1876633 ON nid0638 CANCELLED AT 2023-08-19T18:38:50 ***
