srun: Job step aborted: Waiting up to 32 seconds for job step to finish.
slurmstepd: error: *** STEP 1876621.0 ON nid0638 CANCELLED AT 2023-08-19T17:43:08 ***
slurmstepd: error: *** JOB 1876621 ON nid0638 CANCELLED AT 2023-08-19T17:43:08 ***
