srun: Job step aborted: Waiting up to 32 seconds for job step to finish.
slurmstepd: error: *** STEP 1876622.0 ON nid0638 CANCELLED AT 2023-08-19T17:45:45 ***
slurmstepd: error: *** JOB 1876622 ON nid0638 CANCELLED AT 2023-08-19T17:45:45 ***
