srun: Job step aborted: Waiting up to 32 seconds for job step to finish.
slurmstepd: error: *** STEP 1876751.0 ON nid0348 CANCELLED AT 2023-08-21T18:04:00 ***
slurmstepd: error: *** JOB 1876751 ON nid0348 CANCELLED AT 2023-08-21T18:04:00 ***
